Log file open, 04/28/20 23:30:39
LogWindows: Failed to load 'aqProf.dll' (GetLastError=126)
LogWindows: File 'aqProf.dll' does not exist
LogWindows: Failed to load 'VSPerf140.dll' (GetLastError=126)
LogWindows: File 'VSPerf140.dll' does not exist
LogWindows: Failed to load 'VtuneApi.dll' (GetLastError=126)
LogWindows: File 'VtuneApi.dll' does not exist
LogWindows: Failed to load 'VtuneApi32e.dll' (GetLastError=126)
LogWindows: File 'VtuneApi32e.dll' does not exist
LogInit: Display: Running engine for game: Archaic_4
LogPlatformFile: Not using cached read wrapper
LogTaskGraph: Started task graph with 5 named threads and 47 total threads with 3 sets of task threads.
LogStats: Stats thread started at 0.515267
LogD3D11RHI: Loaded GFSDK_Aftermath_Lib.x64.dll
LogICUInternationalization: Display: ICU TimeZone Detection - Raw Offset: -8:00, Platform Override: ''
LogPluginManager: Mounting plugin Paper2D
LogPluginManager: Mounting plugin AISupport
LogPluginManager: Mounting plugin LightPropagationVolume
LogPluginManager: Mounting plugin CLionSourceCodeAccess
LogPluginManager: Mounting plugin CodeLiteSourceCodeAccess
LogPluginManager: Mounting plugin GitSourceControl
LogPluginManager: Mounting plugin KDevelopSourceCodeAccess
LogPluginManager: Mounting plugin NullSourceCodeAccess
LogPluginManager: Mounting plugin PerforceSourceControl
LogPluginManager: Mounting plugin SubversionSourceControl
LogPluginManager: Mounting plugin UObjectPlugin
LogPluginManager: Mounting plugin VisualStudioCodeSourceCodeAccess
LogPluginManager: Mounting plugin VisualStudioSourceCodeAccess
LogPluginManager: Mounting plugin XCodeSourceCodeAccess
LogPluginManager: Mounting plugin AssetManagerEditor
LogPluginManager: Mounting plugin CryptoKeys
LogPluginManager: Mounting plugin DataValidation
LogPluginManager: Mounting plugin FacialAnimation
LogPluginManager: Mounting plugin GameplayTagsEditor
LogPluginManager: Mounting plugin MacGraphicsSwitching
LogPluginManager: Mounting plugin MeshEditor
LogPluginManager: Mounting plugin MobileLauncherProfileWizard
LogPluginManager: Mounting plugin PluginBrowser
LogPluginManager: Mounting plugin SpeedTreeImporter
LogPluginManager: Mounting plugin DatasmithContent
LogPluginManager: Mounting plugin AlembicImporter
LogPluginManager: Mounting plugin AppleImageUtils
LogPluginManager: Mounting plugin AppleVision
LogPluginManager: Mounting plugin BackChannel
LogPluginManager: Mounting plugin CharacterAI
LogPluginManager: Mounting plugin GeometryCache
LogPluginManager: Mounting plugin HTML5Networking
LogPluginManager: Mounting plugin ProxyLODPlugin
LogPluginManager: Mounting plugin MagicLeap
LogPluginManager: Mounting plugin MagicLeapEmulator
LogPluginManager: Mounting plugin MagicLeapMedia
LogPluginManager: Mounting plugin AndroidMedia
LogPluginManager: Mounting plugin AvfMedia
LogPluginManager: Mounting plugin ImgMedia
LogPluginManager: Mounting plugin LinearTimecode
LogPluginManager: Mounting plugin MediaCompositing
LogPluginManager: Mounting plugin MediaPlayerEditor
LogPluginManager: Mounting plugin WmfMedia
LogPluginManager: Mounting plugin TcpMessaging
LogPluginManager: Mounting plugin UdpMessaging
LogPluginManager: Mounting plugin ActorSequence
LogPluginManager: Mounting plugin LevelSequenceEditor
LogPluginManager: Mounting plugin MatineeToLevelSequence
LogPluginManager: Mounting plugin NetcodeUnitTest
LogPluginManager: Mounting plugin NUTUnrealEngine4
LogPluginManager: Mounting plugin OnlineSubsystemGooglePlay
LogPluginManager: Mounting plugin OnlineSubsystemIOS
LogPluginManager: Mounting plugin OnlineSubsystem
LogPluginManager: Mounting plugin OnlineSubsystemNull
LogPluginManager: Mounting plugin OnlineSubsystemUtils
LogPluginManager: Mounting plugin LauncherChunkInstaller
LogPluginManager: Mounting plugin AndroidDeviceProfileSelector
LogPluginManager: Mounting plugin AndroidMoviePlayer
LogPluginManager: Mounting plugin AndroidPermission
LogPluginManager: Mounting plugin AppleMoviePlayer
LogPluginManager: Mounting plugin ArchVisCharacter
LogPluginManager: Mounting plugin AudioCapture
LogPluginManager: Mounting plugin CableComponent
LogPluginManager: Mounting plugin CustomMeshComponent
LogPluginManager: Mounting plugin EditableMesh
LogPluginManager: Mounting plugin ExampleDeviceProfileSelector
LogPluginManager: Mounting plugin GoogleCloudMessaging
LogPluginManager: Mounting plugin ImmediatePhysics
LogPluginManager: Mounting plugin IOSDeviceProfileSelector
LogPluginManager: Mounting plugin LinuxDeviceProfileSelector
LogPluginManager: Mounting plugin LocationServicesBPLibrary
LogPluginManager: Mounting plugin MobilePatchingUtils
LogPluginManager: Mounting plugin PhysXVehicles
LogPluginManager: Mounting plugin ProceduralMeshComponent
LogPluginManager: Mounting plugin RuntimePhysXCooking
LogPluginManager: Mounting plugin WindowsMoviePlayer
LogStreaming: Display: Took  0.291s to configure plugins.
LogInit: Using libcurl 7.55.1-DEV
LogInit:  - built for x86_64-pc-win32
LogInit:  - supports SSL with OpenSSL/1.0.2h
LogInit:  - supports HTTP deflate (compression) using libz 1.2.8
LogInit:  - other features:
LogInit:      CURL_VERSION_SSL
LogInit:      CURL_VERSION_LIBZ
LogInit:      CURL_VERSION_IPV6
LogInit:      CURL_VERSION_ASYNCHDNS
LogInit:      CURL_VERSION_LARGEFILE
LogInit:      CURL_VERSION_IDN
LogInit:  CurlRequestOptions (configurable via config and command line):
LogInit:  - bVerifyPeer = false  - Libcurl will NOT verify peer certificate
LogInit:  - bUseHttpProxy = false  - Libcurl will NOT use HTTP proxy
LogInit:  - bDontReuseConnections = false  - Libcurl will reuse connections
LogInit:  - CertBundlePath = nullptr  - Libcurl will use whatever was configured at build time.
LogInit:  - MaxHostConnections = 16  - Libcurl will limit the number of connections to a host
LogInit:  - LocalHostAddr = Default
LogInit:  - BufferSize = 65536
LogInit: WinSock: version 1.1 (2.2), MaxSocks=32767, MaxUdp=65467
LogInit: Build: ++UE4+Release-4.20-CL-4369336
LogInit: Engine Version: 4.20.3-4369336+++UE4+Release-4.20
LogInit: Compatible Engine Version: 4.20.0-4212847+++UE4+Release-4.20
LogInit: Net CL: 4212847
LogInit: OS: Windows 10 (), CPU: Intel(R) Core(TM) i9-9900K CPU @ 3.60GHz, GPU: NVIDIA GeForce GTX 1070
LogInit: Compiled (64-bit): Sep 17 2018 12:26:19
LogInit: Compiled with Visual C++: 19.13.26129.00
LogInit: Build Configuration: Development
LogInit: Branch Name: ++UE4+Release-4.20
LogInit: Command Line: 
LogInit: Base Directory: C:/Program Files/Epic Games/UE_4.20/Engine/Binaries/Win64/
LogInit: Installed Engine Build: 1
LogDevObjectVersion: Number of dev versions registered: 20
LogDevObjectVersion:   Dev-Blueprints (B0D832E4-1F89-4F0D-ACCF-7EB736FD4AA2): 10
LogDevObjectVersion:   Dev-Build (E1C64328-A22C-4D53-A36C-8E866417BD8C): 0
LogDevObjectVersion:   Dev-Core (375EC13C-06E4-48FB-B500-84F0262A717E): 2
LogDevObjectVersion:   Dev-Editor (E4B068ED-F494-42E9-A231-DA0B2E46BB41): 24
LogDevObjectVersion:   Dev-Framework (CFFC743F-43B0-4480-9391-14DF171D2073): 34
LogDevObjectVersion:   Dev-Mobile (B02B49B5-BB20-44E9-A304-32B752E40360): 2
LogDevObjectVersion:   Dev-Networking (A4E4105C-59A1-49B5-A7C5-40C4547EDFEE): 0
LogDevObjectVersion:   Dev-Online (39C831C9-5AE6-47DC-9A44-9C173E1C8E7C): 0
LogDevObjectVersion:   Dev-Physics (78F01B33-EBEA-4F98-B9B4-84EACCB95AA2): 0
LogDevObjectVersion:   Dev-Platform (6631380F-2D4D-43E0-8009-CF276956A95A): 0
LogDevObjectVersion:   Dev-Rendering (12F88B9F-8875-4AFC-A67C-D90C383ABD29): 26
LogDevObjectVersion:   Dev-Sequencer (7B5AE74C-D270-4C10-A958-57980B212A5A): 9
LogDevObjectVersion:   Dev-VR (D7296918-1DD6-4BDD-9DE2-64A83CC13884): 2
LogDevObjectVersion:   Dev-LoadTimes (C2A15278-BFE7-4AFE-6C17-90FF531DF755): 1
LogDevObjectVersion:   Private-Geometry (6EACA3D4-40EC-4CC1-B786-8BED09428FC5): 3
LogDevObjectVersion:   Dev-AnimPhys (29E575DD-E0A3-4627-9D10-D276232CDCEA): 17
LogDevObjectVersion:   Dev-ReflectionCapture (6B266CEC-1EC7-4B8F-A30B-E4D90942FC07): 1
LogDevObjectVersion:   Dev-Automation (0DF73D61-A23F-47EA-B727-89E90C41499A): 1
LogDevObjectVersion:   FortniteMain (601D1886-AC64-4F84-AA16-D3DE0DEAC7D6): 12
LogDevObjectVersion:   Dev-Enterprise (9DFFBCD6-494F-0158-E221-12823C92A888): 1
LogStreaming: Display: Took  0.000s to delete old logs.
LogInit: Presizing for max 8388607 objects, including 0 objects not considered by GC, pre-allocating 0 bytes for permanent pool.
LogInit: Object subsystem initialized
[2020.04.29-06.30.39:987][  0]LogInit: Selected Device Profile: [Windows]
[2020.04.29-06.30.39:987][  0]LogInit: Applying CVar settings loaded from the selected device profile: [Windows]
[2020.04.29-06.30.40:011][  0]LogHAL: Display: Platform has ~ 16 GB [17092784128 / 17179869184 / 16], which maps to Larger [LargestMinGB=32, LargerMinGB=12, DefaultMinGB=8, SmallerMinGB=6, SmallestMinGB=0)
[2020.04.29-06.30.40:011][  0]LogInit: Setting Device Profile CVar: [[r.Vulkan.UseRealUBs:1]]
[2020.04.29-06.30.40:011][  0]LogInit: Going up to parent DeviceProfile []
[2020.04.29-06.30.40:011][  0]LogInit: Computer: DESKTOP-4MLBD0S
[2020.04.29-06.30.40:011][  0]LogInit: User: angel
[2020.04.29-06.30.40:011][  0]LogInit: CPU Page size=4096, Cores=8
[2020.04.29-06.30.40:011][  0]LogInit: High frequency timer resolution =10.000000 MHz
[2020.04.29-06.30.40:011][  0]LogMemory: Memory total: Physical=15.9GB (16GB approx)
[2020.04.29-06.30.40:011][  0]LogMemory: Platform Memory Stats for Windows
[2020.04.29-06.30.40:011][  0]LogMemory: Process Physical Memory: 102.96 MB used, 102.97 MB peak
[2020.04.29-06.30.40:011][  0]LogMemory: Process Virtual Memory: 99.50 MB used, 99.50 MB peak
[2020.04.29-06.30.40:011][  0]LogMemory: Physical Memory: 7604.81 MB used,  8696.14 MB free, 16300.95 MB total
[2020.04.29-06.30.40:011][  0]LogMemory: Virtual Memory: 4682.36 MB used,  8696.14 MB free, 134217728.00 MB total
[2020.04.29-06.30.40:020][  0]LogInit: Using OS detected language (en-US).
[2020.04.29-06.30.40:020][  0]LogInit: Using OS detected locale (en-US).
[2020.04.29-06.30.40:020][  0]LogTextLocalizationManager: No specific localization for 'en-US' exists, so the 'en' localization will be used.
[2020.04.29-06.30.40:259][  0]LogStreaming: Display: Took  0.239s to InitEngineTextLocalization.
[2020.04.29-06.30.40:259][  0]LogInit: Setting process to per monitor DPI aware
[2020.04.29-06.30.40:281][  0]LogSlate: New Slate User Created.  User Index 0, Is Virtual User: 0
[2020.04.29-06.30.40:281][  0]LogSlate: Slate User Registered.  User Index 0, Is Virtual User: 0
[2020.04.29-06.30.40:393][  0]LogD3D11RHI: D3D11 adapters:
[2020.04.29-06.30.40:432][  0]LogD3D11RHI:    0. 'NVIDIA GeForce GTX 1070' (Feature Level 11_0)
[2020.04.29-06.30.40:432][  0]LogD3D11RHI:       8088/0/8150 MB DedicatedVideo/DedicatedSystem/SharedSystem, Outputs:1, VendorId:0x10de
[2020.04.29-06.30.40:433][  0]LogD3D11RHI:    1. 'Microsoft Basic Render Driver' (Feature Level 11_0)
[2020.04.29-06.30.40:433][  0]LogD3D11RHI:       0/0/8150 MB DedicatedVideo/DedicatedSystem/SharedSystem, Outputs:0, VendorId:0x1414
[2020.04.29-06.30.40:433][  0]LogD3D11RHI: Chosen D3D11 Adapter: 0
[2020.04.29-06.30.40:438][  0]LogD3D11RHI: Creating new Direct3DDevice
[2020.04.29-06.30.40:438][  0]LogD3D11RHI:     GPU DeviceId: 0x1b81 (for the marketing name, search the web for "GPU Device Id")
[2020.04.29-06.30.40:438][  0]LogWindows: EnumDisplayDevices:
[2020.04.29-06.30.40:439][  0]LogWindows:    0. 'NVIDIA GeForce GTX 1070' (P:1 D:1)
[2020.04.29-06.30.40:439][  0]LogWindows:    1. 'NVIDIA GeForce GTX 1070' (P:0 D:0)
[2020.04.29-06.30.40:439][  0]LogWindows:    2. 'NVIDIA GeForce GTX 1070' (P:0 D:0)
[2020.04.29-06.30.40:439][  0]LogWindows:    3. 'NVIDIA GeForce GTX 1070' (P:0 D:0)
[2020.04.29-06.30.40:439][  0]LogWindows: DebugString: FoundDriverCount:4 
[2020.04.29-06.30.40:439][  0]LogD3D11RHI:     Adapter Name: NVIDIA GeForce GTX 1070
[2020.04.29-06.30.40:439][  0]LogD3D11RHI:   Driver Version: 432.00 (internal:26.21.14.3200, unified:432.00)
[2020.04.29-06.30.40:439][  0]LogD3D11RHI:      Driver Date: 7-24-2019
[2020.04.29-06.30.40:439][  0]LogRHI: Texture pool is 5661 MB (70% of 8088 MB)
[2020.04.29-06.30.40:467][  0]LogD3D11RHI: Async texture creation enabled
[2020.04.29-06.30.40:477][  0]LogD3D11RHI: GPU Timing Frequency: 1000.000000 (Debug: 2 1)
[2020.04.29-06.30.40:525][  0]LogShaderCompilers: Guid format shader working directory is -15 characters bigger than the processId version (../../../../../../Users/angel/Documents/GitHub/ArchaicChainz/Intermediate/Shaders/WorkingDirectory/20796/).
[2020.04.29-06.30.40:525][  0]LogShaderCompilers: Cleaned the shader compiler working directory 'C:/Users/angel/AppData/Local/Temp/UnrealShaderWorkingDir/2833854B4B3BC96CE75A218F22DEEF4E/'.
[2020.04.29-06.30.40:701][  0]LogTemp: Display: Loaded TP AllDesktopTargetPlatform
[2020.04.29-06.30.40:710][  0]LogTemp: Display: Loaded TP MacClientTargetPlatform
[2020.04.29-06.30.40:719][  0]LogTemp: Display: Loaded TP MacNoEditorTargetPlatform
[2020.04.29-06.30.40:728][  0]LogTemp: Display: Loaded TP MacServerTargetPlatform
[2020.04.29-06.30.40:738][  0]LogTemp: Display: Loaded TP MacTargetPlatform
[2020.04.29-06.30.40:747][  0]LogTemp: Display: Loaded TP WindowsClientTargetPlatform
[2020.04.29-06.30.40:756][  0]LogTemp: Display: Loaded TP WindowsNoEditorTargetPlatform
[2020.04.29-06.30.40:765][  0]LogTemp: Display: Loaded TP WindowsServerTargetPlatform
[2020.04.29-06.30.40:770][  0]LogTemp: Display: Loaded TP WindowsTargetPlatform
[2020.04.29-06.30.40:823][  0]LogTemp: Display: Loaded TP AndroidTargetPlatform
[2020.04.29-06.30.40:823][  0]LogTemp: Display: Loaded TP AndroidTargetPlatform
[2020.04.29-06.30.40:823][  0]LogTemp: Display: Loaded TP AndroidTargetPlatform
[2020.04.29-06.30.40:824][  0]LogTemp: Display: Loaded TP AndroidTargetPlatform
[2020.04.29-06.30.40:824][  0]LogTemp: Display: Loaded TP AndroidTargetPlatform
[2020.04.29-06.30.40:824][  0]LogTemp: Display: Loaded TP AndroidTargetPlatform
[2020.04.29-06.30.40:824][  0]LogTemp: Display: Loaded TP AndroidTargetPlatform
[2020.04.29-06.30.40:824][  0]LogTemp: Display: Loaded TP AndroidTargetPlatform
[2020.04.29-06.30.40:824][  0]LogTemp: Display: Loaded TP AndroidTargetPlatform
[2020.04.29-06.30.40:824][  0]LogTemp: Display: Loaded TP AndroidTargetPlatform
[2020.04.29-06.30.40:824][  0]LogTemp: Display: Loaded TP AndroidTargetPlatform
[2020.04.29-06.30.40:824][  0]LogTemp: Display: Loaded TP AndroidTargetPlatform
[2020.04.29-06.30.40:824][  0]LogTemp: Display: Loaded TP AndroidTargetPlatform
[2020.04.29-06.30.40:824][  0]LogTemp: Display: Loaded TP AndroidTargetPlatform
[2020.04.29-06.30.40:824][  0]LogTemp: Display: Loaded TP AndroidTargetPlatform
[2020.04.29-06.30.40:824][  0]LogTemp: Display: Loaded TP AndroidTargetPlatform
[2020.04.29-06.30.40:824][  0]LogTemp: Display: Loaded TP AndroidTargetPlatform
[2020.04.29-06.30.40:824][  0]LogTemp: Display: Loaded TP AndroidTargetPlatform
[2020.04.29-06.30.40:824][  0]LogTemp: Display: Loaded TP HTML5TargetPlatform
[2020.04.29-06.30.40:876][  0]LogTemp: Display: Loaded TP IOSTargetPlatform
[2020.04.29-06.30.40:876][  0]LogTemp: Display: Loaded TP IOSTargetPlatform
[2020.04.29-06.30.40:892][  0]LogTemp: Display: Loaded TP TVOSTargetPlatform
[2020.04.29-06.30.40:892][  0]LogTemp: Display: Loaded TP TVOSTargetPlatform
[2020.04.29-06.30.40:900][  0]LogTemp: Display: Loaded TP LinuxClientTargetPlatform
[2020.04.29-06.30.40:908][  0]LogTemp: Display: Loaded TP LinuxNoEditorTargetPlatform
[2020.04.29-06.30.40:917][  0]LogTemp: Display: Loaded TP LinuxServerTargetPlatform
[2020.04.29-06.30.40:925][  0]LogTemp: Display: Loaded TP LinuxTargetPlatform
[2020.04.29-06.30.40:931][  0]LogTemp: Display: Loaded TP LuminTargetPlatform
[2020.04.29-06.30.40:931][  0]LogTargetPlatformManager: Display: Building Assets For Windows
[2020.04.29-06.30.40:968][  0]LogXGEController: Cannot use XGE Controller as Incredibuild is not installed on this machine.
[2020.04.29-06.30.40:968][  0]LogShaderCompilers: Cannot use XGE Shader Compiler as Incredibuild is not installed on this machine.
[2020.04.29-06.30.40:968][  0]LogShaderCompilers: Display: Using Local Shader Compiler.
[2020.04.29-06.30.41:494][  0]LogDerivedDataCache: Display: Max Cache Size: 512 MB
[2020.04.29-06.30.41:531][  0]LogDerivedDataCache: Loaded boot cache 0.04s 71MB C:/Users/angel/AppData/Local/UnrealEngine/4.20/DerivedDataCache/Boot.ddc.
[2020.04.29-06.30.41:531][  0]LogDerivedDataCache: Display: Loaded Boot cache: C:/Users/angel/AppData/Local/UnrealEngine/4.20/DerivedDataCache/Boot.ddc
[2020.04.29-06.30.41:532][  0]LogDerivedDataCache: FDerivedDataBackendGraph:  Pak pak cache file ../../../../../../Users/angel/Documents/GitHub/ArchaicChainz/DerivedDataCache/DDC.ddp not found, will not use a pak cache.
[2020.04.29-06.30.41:532][  0]LogDerivedDataCache: Unable to find inner node Pak for hierarchical cache Hierarchy.
[2020.04.29-06.30.41:532][  0]LogDerivedDataCache: FDerivedDataBackendGraph:  CompressedPak pak cache file ../../../../../../Users/angel/Documents/GitHub/ArchaicChainz/DerivedDataCache/Compressed.ddp not found, will not use a pak cache.
[2020.04.29-06.30.41:532][  0]LogDerivedDataCache: Unable to find inner node CompressedPak for hierarchical cache Hierarchy.
[2020.04.29-06.30.41:542][  0]LogDerivedDataCache: Display: Pak cache opened for reading ../../../Engine/DerivedDataCache/Compressed.ddp.
[2020.04.29-06.30.41:554][  0]LogDerivedDataCache: Using Local data cache path C:/Users/angel/AppData/Local/UnrealEngine/Common/DerivedDataCache: Writable
[2020.04.29-06.30.41:554][  0]LogDerivedDataCache: Shared data cache path not found in *engine.ini, will not use an Shared cache.
[2020.04.29-06.30.41:554][  0]LogDerivedDataCache: Unable to find inner node Shared for hierarchical cache Hierarchy.
[2020.04.29-06.30.41:566][  0]LogMaterial: Verifying Global Shaders for PCD3D_SM5
[2020.04.29-06.30.41:567][  0]LogSlate: Using FreeType 2.6.0
[2020.04.29-06.30.41:568][  0]LogSlate: SlateFontServices - WITH_FREETYPE: 1, WITH_HARFBUZZ: 1
[2020.04.29-06.30.41:623][  0]LogAssetRegistry: FAssetRegistry took 0.0252 seconds to start up
[2020.04.29-06.30.41:833][  0]LogInit: Selected Device Profile: [Windows]
[2020.04.29-06.30.41:924][  0]LogSimplygon: Simplygon DLL not present - disabling.
[2020.04.29-06.30.41:926][  0]LogMeshReduction: Using SimplygonSwarm for distributed automatic mesh merging
[2020.04.29-06.30.41:926][  0]LogMeshReduction: Using ProxyLODMeshReduction for automatic mesh merging
[2020.04.29-06.30.41:926][  0]LogMeshReduction: Using QuadricMeshReduction for automatic static mesh reduction
[2020.04.29-06.30.41:926][  0]LogMeshReduction: No automatic skeletal mesh reduction module available
[2020.04.29-06.30.41:936][  0]LogNetVersion: Archaic_4 1.0.0, NetCL: 4212847, EngineNetVer: 5, GameNetVer: 0 (Checksum: 1142129914)
[2020.04.29-06.30.42:328][  0]LogPackageLocalizationCache: Processed 9 localized package path(s) for 2 prioritized culture(s) in 0.056788 seconds
[2020.04.29-06.30.42:332][  0]LogUObjectArray: 37967 objects as part of root set at end of initial load.
[2020.04.29-06.30.42:332][  0]LogUObjectAllocator: 6605920 out of 0 bytes used by permanent object pool.
[2020.04.29-06.30.42:332][  0]LogUObjectArray: CloseDisregardForGC: 0/0 objects in disregard for GC pool
[2020.04.29-06.30.42:883][  0]LogTcpMessaging: Initializing TcpMessaging bridge
[2020.04.29-06.30.42:896][  0]LogUdpMessaging: Initializing bridge on interface 0.0.0.0:0 to multicast group 230.0.0.1:6666.
[2020.04.29-06.30.42:993][  0]SourceControl: Source control is disabled
[2020.04.29-06.30.46:353][  0]LogAndroidPermission: UAndroidPermissionCallbackProxy::GetInstance
[2020.04.29-06.30.46:438][  0]LogEngine: Initializing Engine...
[2020.04.29-06.30.46:439][  0]LogStats: UGameplayTagsManager::ConstructGameplayTagTree: ImportINI prefixes -  0.000 s
[2020.04.29-06.30.46:439][  0]LogStats: UGameplayTagsManager::ConstructGameplayTagTree: Construct from data asset -  0.000 s
[2020.04.29-06.30.46:439][  0]LogStats: UGameplayTagsManager::ConstructGameplayTagTree: ImportINI -  0.000 s
[2020.04.29-06.30.46:439][  0]LogStats: UGameplayTagsManager::ConstructGameplayTagTree: GameplayTagTreeChangedEvent.Broadcast -  0.000 s
[2020.04.29-06.30.46:578][  0]LogInit: Initializing FReadOnlyCVARCache
[2020.04.29-06.30.46:586][  0]LogAIModule: Creating AISystem for world Untitled
[2020.04.29-06.30.46:598][  0]LogInit: XAudio2 using 'DELL S2719H (NVIDIA High Definition Audio)' : 2 channels at 48 kHz using 16 bits per sample (channel mask 0x3)
[2020.04.29-06.30.46:619][  0]LogInit: FAudioDevice initialized.
[2020.04.29-06.30.46:619][  0]LogNetVersion: Set ProjectVersion to 1.0.0.0. Version Checksum will be recalculated on next use.
[2020.04.29-06.30.48:262][  0]LogDerivedDataCache: Saved boot cache 1.64s 71MB C:/Users/angel/AppData/Local/UnrealEngine/4.20/DerivedDataCache/Boot.ddc.
[2020.04.29-06.30.48:283][  0]LogInit: Texture streaming: Enabled
[2020.04.29-06.30.48:294][  0]LogEngineSessionManager: EngineSessionManager initialized
[2020.04.29-06.30.48:303][  0]LogInit: Transaction tracking system initialized
[2020.04.29-06.30.48:665][  0]BlueprintLog: New page: Editor Load
[2020.04.29-06.30.48:713][  0]LocalizationService: Localization service is disabled
[2020.04.29-06.30.49:530][  0]LogCook: Display: Max memory allowance for cook 16384mb min free memory 0mb
[2020.04.29-06.30.49:530][  0]LogCook: Display: Mobile HDR setting 1
[2020.04.29-06.30.49:530][  0]LogGameplayTags: Display: UGameplayTagsManager::DoneAddingNativeTags. DelegateIsBound: 0
[2020.04.29-06.30.49:530][  0]LogStats: UGameplayTagsManager::ConstructGameplayTagTree: ImportINI prefixes -  0.000 s
[2020.04.29-06.30.49:530][  0]LogStats: UGameplayTagsManager::ConstructGameplayTagTree: Construct from data asset -  0.000 s
[2020.04.29-06.30.49:530][  0]LogStats: UGameplayTagsManager::ConstructGameplayTagTree: ImportINI -  0.000 s
[2020.04.29-06.30.49:530][  0]LogStats: UGameplayTagsManager::ConstructGameplayTagTree: GameplayTagTreeChangedEvent.Broadcast -  0.000 s
[2020.04.29-06.30.49:600][  0]LogFileCache: Scanning file cache for directory 'C:/Users/angel/Documents/GitHub/ArchaicChainz/Content/' took 0.02s
[2020.04.29-06.30.49:600][  0]Cmd: MAP LOAD FILE="../../../../../../Users/angel/Documents/GitHub/ArchaicChainz/Content/Worlds/Main_Game.umap" TEMPLATE=0 SHOWPROGRESS=1 FEATURELEVEL=3
[2020.04.29-06.30.49:600][  0]LogEditorServer: Warning: Can't find file '../../../../../../Users/angel/Documents/GitHub/ArchaicChainz/Content/Worlds/Main_Game.umap'
[2020.04.29-06.30.49:600][  0]Cmd: MAP CHECKDEP NOCLEARLOG
[2020.04.29-06.30.49:638][  0]MapCheck: Map check complete: 0 Error(s), 0 Warning(s), took 37.112ms to complete.
[2020.04.29-06.30.49:638][  0]LogFileHelpers: Loading map 'Main_Game' took 0.037
[2020.04.29-06.30.56:218][  0]LogSlate: Updating window title bar state: overlay mode, drag disabled, window buttons hidden, title bar hidden
[2020.04.29-06.30.56:712][  0]LogSlate: Updating window title bar state: overlay mode, drag disabled, window buttons hidden, title bar hidden
[2020.04.29-06.30.56:716][  0]LogSlate: Updating window title bar state: overlay mode, drag disabled, window buttons hidden, title bar hidden
[2020.04.29-06.30.56:721][  0]LogSlate: Updating window title bar state: overlay mode, drag disabled, window buttons hidden, title bar hidden
[2020.04.29-06.30.57:893][  0]LogCollectionManager: Loaded 0 collections in 0.001198 seconds
[2020.04.29-06.30.58:516][  0]LogFileCache: Scanning file cache for directory 'C:/Users/angel/Documents/GitHub/ArchaicChainz/Saved/Collections/' took 0.01s
[2020.04.29-06.30.58:516][  0]LogFileCache: Scanning file cache for directory 'C:/Users/angel/Documents/GitHub/ArchaicChainz/Content/Developers/angel/Collections/' took 0.01s
[2020.04.29-06.30.58:516][  0]LogFileCache: Scanning file cache for directory 'C:/Users/angel/Documents/GitHub/ArchaicChainz/Content/Collections/' took 0.01s
[2020.04.29-06.30.58:516][  0]LogCollectionManager: Rebuilt the GUID cache for 0 collections in 0.000000 seconds
[2020.04.29-06.30.58:544][  0]LogContentBrowser: Native class hierarchy populated in 0.0139 seconds. Added 2565 classes and 594 folders.
[2020.04.29-06.30.59:771][  0]LogContentBrowser: Native class hierarchy updated for 'WidgetCarousel' in 0.0002 seconds. Added 0 classes and 0 folders.
[2020.04.29-06.31.10:621][  0]LogContentBrowser: Native class hierarchy updated for 'AddContentDialog' in 0.0002 seconds. Added 0 classes and 0 folders.
[2020.04.29-06.31.10:733][  0]LogContentBrowser: Native class hierarchy updated for 'SceneOutliner' in 0.0002 seconds. Added 1 classes and 2 folders.
[2020.04.29-06.31.13:630][  0]LogSlate: Took 0.000125 seconds to synchronously load lazily loaded font '../../../Engine/Content/Slate/Fonts/Roboto-Regular.ttf' (155K)
[2020.04.29-06.31.13:636][  0]LogSlate: Took 0.000115 seconds to synchronously load lazily loaded font '../../../Engine/Content/Slate/Fonts/Roboto-Bold.ttf' (160K)
[2020.04.29-06.31.13:810][  0]LogSlate: Took 0.029096 seconds to synchronously load lazily loaded font '../../../Engine/Content/Editor/Slate/Fonts/FontAwesome.ttf' (139K)
[2020.04.29-06.31.14:374][  0]LogRenderer: Reallocating scene render targets to support 1112x584 Format 10 NumSamples 1 (Frame:1).
[2020.04.29-06.31.15:083][  0]LogContentBrowser: Native class hierarchy updated for 'HierarchicalLODOutliner' in 0.0002 seconds. Added 0 classes and 0 folders.
[2020.04.29-06.31.15:083][  0]LogLoad: (Engine Initialization) Total time: 37.50 seconds
[2020.04.29-06.31.15:083][  0]LogLoad: (Engine Initialization) Total Blueprint compile time: 0.00 seconds
[2020.04.29-06.31.15:139][  0]LogContentStreaming: Texture pool size now 1000 MB
[2020.04.29-06.31.15:309][  0]LogSlate: Took 0.049076 seconds to synchronously load lazily loaded font '../../../Engine/Content/Slate/Fonts/Roboto-Light.ttf' (167K)
[2020.04.29-06.31.15:366][  1]LogAssetRegistry: Asset discovery search completed in 33.7657 seconds
[2020.04.29-06.31.15:367][  1]LogCollectionManager: Rebuilt the object cache for 0 collections in 0.000000 seconds (found 0 objects)
[2020.04.29-06.31.15:367][  1]LogCollectionManager: Fixed up redirectors for 0 collections in 0.000030 seconds (updated 0 objects)
[2020.04.29-06.31.16:143][ 67]LogSlate: Took 0.000112 seconds to synchronously load lazily loaded font '../../../Engine/Content/Slate/Fonts/Roboto-Light.ttf' (167K)
[2020.04.29-06.32.01:061][261]LogSlate: FSceneViewport::OnFocusLost() reason 0
[2020.04.29-06.32.24:046][402]LogAssetEditorManager: Opening Asset editor for Blueprint /Game/FirstPersonBP/Blueprints/FirstPersonCharacter.FirstPersonCharacter
[2020.04.29-06.32.28:160][402]LogContentBrowser: Native class hierarchy updated for 'BlueprintGraph' in 0.0004 seconds. Added 116 classes and 0 folders.
[2020.04.29-06.32.35:513][402]LogAssetEditorManager: Opening Asset editor for Blueprint /Game/FirstPersonBP/Blueprints/PainVolume.PainVolume
[2020.04.29-06.32.35:743][402]LogAssetEditorManager: Opening Asset editor for Blueprint /Game/AI/NPC/AI_Flying.AI_Flying
[2020.04.29-06.32.35:984][402]LogAssetEditorManager: Opening Asset editor for Blueprint /Game/FirstPersonBP/Blueprints/Projectile_Base.Projectile_Base
[2020.04.29-06.32.37:049][402]LogAssetEditorManager: Opening Asset editor for SkeletalMesh /Game/AI/NPC/bat_wings_animated_version2__1_.bat_wings_animated_version2__1_
[2020.04.29-06.32.37:672][402]LogContentBrowser: Native class hierarchy updated for 'SkeletonEditor' in 0.0002 seconds. Added 1 classes and 2 folders.
[2020.04.29-06.32.40:166][402]LogActorComponent: RegisterComponentWithWorld: (/Engine/Transient.World_4:PersistentLevel.AnimationEditorPreviewActor_0.DebugSkelMeshComponent_0) Already registered. Aborting.
[2020.04.29-06.32.40:373][402]LogContentBrowser: Native class hierarchy updated for 'PinnedCommandList' in 0.0002 seconds. Added 1 classes and 0 folders.
[2020.04.29-06.32.41:450][402]LogSkeletalMesh: USkeletalMeshComponent::InitArticulated : Bodies already created (/Engine/Transient.World_4:PersistentLevel.AnimationEditorPreviewActor_0.DebugSkelMeshComponent_0) - call TermArticulated first.
[2020.04.29-06.32.44:225][402]LogAssetEditorManager: Opening Asset editor for PhysicsAsset /Game/AI/NPC/bat_wings_animated_version2__1__PhysicsAsset.bat_wings_animated_version2__1__PhysicsAsset
[2020.04.29-06.32.44:301][402]LogContentBrowser: Native class hierarchy updated for 'PhysicsAssetEditor' in 0.0002 seconds. Added 7 classes and 3 folders.
[2020.04.29-06.32.44:546][402]LogActorComponent: RegisterComponentWithWorld: (/Engine/Transient.World_5:PersistentLevel.AnimationEditorPreviewActor_0.PhysicsAssetEditorSkeletalMeshComponent_0) Already registered. Aborting.
[2020.04.29-06.32.45:475][402]LogAssetEditorManager: Opening Asset editor for AnimSequence /Game/AI/NPC/bat_wings_animated_version2__1__Anim.bat_wings_animated_version2__1__Anim
[2020.04.29-06.32.45:636][402]LogActorComponent: RegisterComponentWithWorld: (/Engine/Transient.World_6:PersistentLevel.AnimationEditorPreviewActor_0.DebugSkelMeshComponent_0) Already registered. Aborting.
[2020.04.29-06.32.45:673][402]LogSkeletalMesh: USkeletalMeshComponent::InitArticulated : Bodies already created (/Engine/Transient.World_6:PersistentLevel.AnimationEditorPreviewActor_0.DebugSkelMeshComponent_0) - call TermArticulated first.
[2020.04.29-06.32.46:238][402]LogAssetEditorManager: Opening Asset editor for Blueprint /Game/FirstPersonBP/Blueprints/Projectile_Fire.Projectile_Fire
[2020.04.29-06.32.46:473][402]LogAssetEditorManager: Opening Asset editor for Blueprint /Game/FirstPersonBP/Blueprints/Projectile_Ice.Projectile_Ice
[2020.04.29-06.32.46:766][402]LogAssetEditorManager: Opening Asset editor for Blueprint /Game/FirstPersonBP/Blueprints/Projectile_Lightning.Projectile_Lightning
[2020.04.29-06.32.47:002][402]LogAssetEditorManager: Opening Asset editor for Blueprint /Game/FirstPersonBP/Blueprints/Projectile_lightning_2.Projectile_lightning_2
[2020.04.29-06.32.47:236][402]LogAssetEditorManager: Opening Asset editor for Blueprint /Game/FirstPersonBP/Blueprints/Crossbow_Weapons/Normal_Crossbow/Crossbow_Base.Crossbow_Base
[2020.04.29-06.32.48:789][402]LogSlate: Took 0.092446 seconds to synchronously load lazily loaded font '../../../Engine/Content/Slate/Fonts/Roboto-BoldCondensed.ttf' (158K)
[2020.04.29-06.33.04:186][856]LogSlate: FSceneViewport::OnFocusLost() reason 0
[2020.04.29-06.34.37:931][195]LogSlate: Window 'Save Level As' being destroyed
[2020.04.29-06.34.37:966][199]SourceControl: fatal: /Temp: '/Temp' is outside repository
[2020.04.29-07.45.28:252][244]LogSlate: FSceneViewport::OnFocusLost() reason 0
[2020.04.29-07.46.34:097][531]SourceControl: fatal: C:/Program Files/Epic Games/UE_4.20/Engine/Content: 'C:/Program Files/Epic Games/UE_4.20/Engine/Content' is outside repository
[2020.04.29-07.46.35:174][531]EditorErrors: Warning: No assets to check in!
[2020.04.29-07.46.41:354][271]LogSlate: Window 'Message Log' being destroyed
[2020.04.29-07.46.41:357][271]LogSlate: Window 'Message Log' being destroyed
[2020.04.29-07.47.01:331][644]SourceControl: fatal: C:/Program Files/Epic Games/UE_4.20/Engine/Content: 'C:/Program Files/Epic Games/UE_4.20/Engine/Content' is outside repository
[2020.04.29-07.47.01:422][644]EditorErrors: Warning: No assets to check in!
[2020.04.29-07.49.21:886][479]LogSlate: Window 'Message Log' being destroyed
[2020.04.29-07.49.21:889][479]LogSlate: Window 'Message Log' being destroyed
[2020.04.29-07.49.23:895][719]SourceControl: fatal: C:/Program Files/Epic Games/UE_4.20/Engine/Content: 'C:/Program Files/Epic Games/UE_4.20/Engine/Content' is outside repository
[2020.04.29-07.49.37:539][719]LogSlate: Window 'Submit Files' being destroyed
[2020.04.29-07.50.29:734][ 27]SourceControl: fatal: C:/Program Files/Epic Games/UE_4.20/Engine/Content: 'C:/Program Files/Epic Games/UE_4.20/Engine/Content' is outside repository
[2020.04.29-07.50.39:893][ 27]LogSlate: Window 'Submit Files' being destroyed
[2020.04.29-07.50.55:834][916]LogSlate: Took 0.012518 seconds to synchronously load lazily loaded font '../../../Engine/Content/Slate/Fonts/Roboto-Italic.ttf' (157K)
[2020.04.29-07.51.00:760][483]BlueprintLog: New page: Compile Crossbow_Base
[2020.04.29-07.51.01:719][541]LogSavePackage: Moving '../../../../../../Users/angel/Documents/GitHub/ArchaicChainz/Saved/Crossbow_Base232CE72147C03175A42ADCA3CB016248.tmp' to '../../../../../../Users/angel/Documents/GitHub/ArchaicChainz/Content/FirstPersonBP/Blueprints/Crossbow_Weapons/Normal_Crossbow/Crossbow_Base.uasset'
[2020.04.29-07.51.04:789][904]SourceControl: fatal: C:/Program Files/Epic Games/UE_4.20/Engine/Content: 'C:/Program Files/Epic Games/UE_4.20/Engine/Content' is outside repository
[2020.04.29-07.51.10:869][904]LogSlate: Window 'Submit Files' being destroyed
[2020.04.29-07.51.18:755][610]LogContentBrowser: Native class hierarchy updated for 'ClothingSystemEditorInterface' in 0.0002 seconds. Added 1 classes and 0 folders.
[2020.04.29-07.51.18:779][611]LogRenderer: Reallocating scene render targets to support 1144x888 Format 10 NumSamples 1 (Frame:1).
[2020.04.29-07.51.19:910][695]LogContentBrowser: Verbose: The majority of assets in the view are of type: AnimSequence
